ARM GAS  /tmp/cc9ovEH5.s 			page 1


   1              		.cpu cortex-m3
   2              		.eabi_attribute 20, 1
   3              		.eabi_attribute 21, 1
   4              		.eabi_attribute 23, 3
   5              		.eabi_attribute 24, 1
   6              		.eabi_attribute 25, 1
   7              		.eabi_attribute 26, 1
   8              		.eabi_attribute 30, 1
   9              		.eabi_attribute 34, 1
  10              		.eabi_attribute 18, 4
  11              		.file	"stm32f1xx_it.c"
  12              		.text
  13              	.Ltext0:
  14              		.cfi_sections	.debug_frame
  15              		.section	.text.NMI_Handler,"ax",%progbits
  16              		.align	1
  17              		.global	NMI_Handler
  18              		.syntax unified
  19              		.thumb
  20              		.thumb_func
  21              		.fpu softvfp
  23              	NMI_Handler:
  24              	.LFB64:
  25              		.file 1 "Src/stm32f1xx_it.c"
   1:Src/stm32f1xx_it.c **** /**
   2:Src/stm32f1xx_it.c ****   ******************************************************************************
   3:Src/stm32f1xx_it.c ****   * @file    stm32f1xx_it.c
   4:Src/stm32f1xx_it.c ****   * @brief   Interrupt Service Routines.
   5:Src/stm32f1xx_it.c ****   ******************************************************************************
   6:Src/stm32f1xx_it.c ****   *
   7:Src/stm32f1xx_it.c ****   * COPYRIGHT(c) 2018 STMicroelectronics
   8:Src/stm32f1xx_it.c ****   *
   9:Src/stm32f1xx_it.c ****   * Redistribution and use in source and binary forms, with or without modification,
  10:Src/stm32f1xx_it.c ****   * are permitted provided that the following conditions are met:
  11:Src/stm32f1xx_it.c ****   *   1. Redistributions of source code must retain the above copyright notice,
  12:Src/stm32f1xx_it.c ****   *      this list of conditions and the following disclaimer.
  13:Src/stm32f1xx_it.c ****   *   2. Redistributions in binary form must reproduce the above copyright notice,
  14:Src/stm32f1xx_it.c ****   *      this list of conditions and the following disclaimer in the documentation
  15:Src/stm32f1xx_it.c ****   *      and/or other materials provided with the distribution.
  16:Src/stm32f1xx_it.c ****   *   3. Neither the name of STMicroelectronics nor the names of its contributors
  17:Src/stm32f1xx_it.c ****   *      may be used to endorse or promote products derived from this software
  18:Src/stm32f1xx_it.c ****   *      without specific prior written permission.
  19:Src/stm32f1xx_it.c ****   *
  20:Src/stm32f1xx_it.c ****   * THIS SOFTWARE IS PROVIDED BY THE COPYRIGHT HOLDERS AND CONTRIBUTORS "AS IS"
  21:Src/stm32f1xx_it.c ****   * AND ANY EXPRESS OR IMPLIED WARRANTIES, INCLUDING, BUT NOT LIMITED TO, THE
  22:Src/stm32f1xx_it.c ****   * IMPLIED WARRANTIES OF MERCHANTABILITY AND FITNESS FOR A PARTICULAR PURPOSE ARE
  23:Src/stm32f1xx_it.c ****   * DISCLAIMED. IN NO EVENT SHALL THE COPYRIGHT HOLDER OR CONTRIBUTORS BE LIABLE
  24:Src/stm32f1xx_it.c ****   * FOR ANY DIRECT, INDIRECT, INCIDENTAL, SPECIAL, EXEMPLARY, OR CONSEQUENTIAL
  25:Src/stm32f1xx_it.c ****   * DAMAGES (INCLUDING, BUT NOT LIMITED TO, PROCUREMENT OF SUBSTITUTE GOODS OR
  26:Src/stm32f1xx_it.c ****   * SERVICES; LOSS OF USE, DATA, OR PROFITS; OR BUSINESS INTERRUPTION) HOWEVER
  27:Src/stm32f1xx_it.c ****   * CAUSED AND ON ANY THEORY OF LIABILITY, WHETHER IN CONTRACT, STRICT LIABILITY,
  28:Src/stm32f1xx_it.c ****   * OR TORT (INCLUDING NEGLIGENCE OR OTHERWISE) ARISING IN ANY WAY OUT OF THE USE
  29:Src/stm32f1xx_it.c ****   * OF THIS SOFTWARE, EVEN IF ADVISED OF THE POSSIBILITY OF SUCH DAMAGE.
  30:Src/stm32f1xx_it.c ****   *
  31:Src/stm32f1xx_it.c ****   ******************************************************************************
  32:Src/stm32f1xx_it.c ****   */
  33:Src/stm32f1xx_it.c **** /* Includes ------------------------------------------------------------------*/
ARM GAS  /tmp/cc9ovEH5.s 			page 2


  34:Src/stm32f1xx_it.c **** #include "stm32f1xx_hal.h"
  35:Src/stm32f1xx_it.c **** #include "stm32f1xx.h"
  36:Src/stm32f1xx_it.c **** #include "stm32f1xx_it.h"
  37:Src/stm32f1xx_it.c **** 
  38:Src/stm32f1xx_it.c **** /* USER CODE BEGIN 0 */
  39:Src/stm32f1xx_it.c **** 
  40:Src/stm32f1xx_it.c **** /* USER CODE END 0 */
  41:Src/stm32f1xx_it.c **** 
  42:Src/stm32f1xx_it.c **** /* External variables --------------------------------------------------------*/
  43:Src/stm32f1xx_it.c **** extern UART_HandleTypeDef huart1;
  44:Src/stm32f1xx_it.c **** 
  45:Src/stm32f1xx_it.c **** /******************************************************************************/
  46:Src/stm32f1xx_it.c **** /*            Cortex-M3 Processor Interruption and Exception Handlers         */ 
  47:Src/stm32f1xx_it.c **** /******************************************************************************/
  48:Src/stm32f1xx_it.c **** 
  49:Src/stm32f1xx_it.c **** /**
  50:Src/stm32f1xx_it.c **** * @brief This function handles Non maskable interrupt.
  51:Src/stm32f1xx_it.c **** */
  52:Src/stm32f1xx_it.c **** void NMI_Handler(void)
  53:Src/stm32f1xx_it.c **** {
  26              		.loc 1 53 0
  27              		.cfi_startproc
  28              		@ args = 0, pretend = 0, frame = 0
  29              		@ frame_needed = 0, uses_anonymous_args = 0
  30              		@ link register save eliminated.
  31 0000 7047     		bx	lr
  32              		.cfi_endproc
  33              	.LFE64:
  35              		.section	.text.HardFault_Handler,"ax",%progbits
  36              		.align	1
  37              		.global	HardFault_Handler
  38              		.syntax unified
  39              		.thumb
  40              		.thumb_func
  41              		.fpu softvfp
  43              	HardFault_Handler:
  44              	.LFB65:
  54:Src/stm32f1xx_it.c ****   /* USER CODE BEGIN NonMaskableInt_IRQn 0 */
  55:Src/stm32f1xx_it.c **** 
  56:Src/stm32f1xx_it.c ****   /* USER CODE END NonMaskableInt_IRQn 0 */
  57:Src/stm32f1xx_it.c ****   /* USER CODE BEGIN NonMaskableInt_IRQn 1 */
  58:Src/stm32f1xx_it.c **** 
  59:Src/stm32f1xx_it.c ****   /* USER CODE END NonMaskableInt_IRQn 1 */
  60:Src/stm32f1xx_it.c **** }
  61:Src/stm32f1xx_it.c **** 
  62:Src/stm32f1xx_it.c **** /**
  63:Src/stm32f1xx_it.c **** * @brief This function handles Hard fault interrupt.
  64:Src/stm32f1xx_it.c **** */
  65:Src/stm32f1xx_it.c **** void HardFault_Handler(void)
  66:Src/stm32f1xx_it.c **** {
  45              		.loc 1 66 0
  46              		.cfi_startproc
  47              		@ Volatile: function does not return.
  48              		@ args = 0, pretend = 0, frame = 0
  49              		@ frame_needed = 0, uses_anonymous_args = 0
  50              		@ link register save eliminated.
  51              	.L3:
ARM GAS  /tmp/cc9ovEH5.s 			page 3


  52 0000 FEE7     		b	.L3
  53              		.cfi_endproc
  54              	.LFE65:
  56              		.section	.text.MemManage_Handler,"ax",%progbits
  57              		.align	1
  58              		.global	MemManage_Handler
  59              		.syntax unified
  60              		.thumb
  61              		.thumb_func
  62              		.fpu softvfp
  64              	MemManage_Handler:
  65              	.LFB66:
  67:Src/stm32f1xx_it.c ****   /* USER CODE BEGIN HardFault_IRQn 0 */
  68:Src/stm32f1xx_it.c **** 
  69:Src/stm32f1xx_it.c ****   /* USER CODE END HardFault_IRQn 0 */
  70:Src/stm32f1xx_it.c ****   while (1)
  71:Src/stm32f1xx_it.c ****   {
  72:Src/stm32f1xx_it.c ****     /* USER CODE BEGIN W1_HardFault_IRQn 0 */
  73:Src/stm32f1xx_it.c ****     /* USER CODE END W1_HardFault_IRQn 0 */
  74:Src/stm32f1xx_it.c ****   }
  75:Src/stm32f1xx_it.c ****   /* USER CODE BEGIN HardFault_IRQn 1 */
  76:Src/stm32f1xx_it.c **** 
  77:Src/stm32f1xx_it.c ****   /* USER CODE END HardFault_IRQn 1 */
  78:Src/stm32f1xx_it.c **** }
  79:Src/stm32f1xx_it.c **** 
  80:Src/stm32f1xx_it.c **** /**
  81:Src/stm32f1xx_it.c **** * @brief This function handles Memory management fault.
  82:Src/stm32f1xx_it.c **** */
  83:Src/stm32f1xx_it.c **** void MemManage_Handler(void)
  84:Src/stm32f1xx_it.c **** {
  66              		.loc 1 84 0
  67              		.cfi_startproc
  68              		@ Volatile: function does not return.
  69              		@ args = 0, pretend = 0, frame = 0
  70              		@ frame_needed = 0, uses_anonymous_args = 0
  71              		@ link register save eliminated.
  72              	.L5:
  73 0000 FEE7     		b	.L5
  74              		.cfi_endproc
  75              	.LFE66:
  77              		.section	.text.BusFault_Handler,"ax",%progbits
  78              		.align	1
  79              		.global	BusFault_Handler
  80              		.syntax unified
  81              		.thumb
  82              		.thumb_func
  83              		.fpu softvfp
  85              	BusFault_Handler:
  86              	.LFB67:
  85:Src/stm32f1xx_it.c ****   /* USER CODE BEGIN MemoryManagement_IRQn 0 */
  86:Src/stm32f1xx_it.c **** 
  87:Src/stm32f1xx_it.c ****   /* USER CODE END MemoryManagement_IRQn 0 */
  88:Src/stm32f1xx_it.c ****   while (1)
  89:Src/stm32f1xx_it.c ****   {
  90:Src/stm32f1xx_it.c ****     /* USER CODE BEGIN W1_MemoryManagement_IRQn 0 */
  91:Src/stm32f1xx_it.c ****     /* USER CODE END W1_MemoryManagement_IRQn 0 */
  92:Src/stm32f1xx_it.c ****   }
ARM GAS  /tmp/cc9ovEH5.s 			page 4


  93:Src/stm32f1xx_it.c ****   /* USER CODE BEGIN MemoryManagement_IRQn 1 */
  94:Src/stm32f1xx_it.c **** 
  95:Src/stm32f1xx_it.c ****   /* USER CODE END MemoryManagement_IRQn 1 */
  96:Src/stm32f1xx_it.c **** }
  97:Src/stm32f1xx_it.c **** 
  98:Src/stm32f1xx_it.c **** /**
  99:Src/stm32f1xx_it.c **** * @brief This function handles Prefetch fault, memory access fault.
 100:Src/stm32f1xx_it.c **** */
 101:Src/stm32f1xx_it.c **** void BusFault_Handler(void)
 102:Src/stm32f1xx_it.c **** {
  87              		.loc 1 102 0
  88              		.cfi_startproc
  89              		@ Volatile: function does not return.
  90              		@ args = 0, pretend = 0, frame = 0
  91              		@ frame_needed = 0, uses_anonymous_args = 0
  92              		@ link register save eliminated.
  93              	.L7:
  94 0000 FEE7     		b	.L7
  95              		.cfi_endproc
  96              	.LFE67:
  98              		.section	.text.UsageFault_Handler,"ax",%progbits
  99              		.align	1
 100              		.global	UsageFault_Handler
 101              		.syntax unified
 102              		.thumb
 103              		.thumb_func
 104              		.fpu softvfp
 106              	UsageFault_Handler:
 107              	.LFB68:
 103:Src/stm32f1xx_it.c ****   /* USER CODE BEGIN BusFault_IRQn 0 */
 104:Src/stm32f1xx_it.c **** 
 105:Src/stm32f1xx_it.c ****   /* USER CODE END BusFault_IRQn 0 */
 106:Src/stm32f1xx_it.c ****   while (1)
 107:Src/stm32f1xx_it.c ****   {
 108:Src/stm32f1xx_it.c ****     /* USER CODE BEGIN W1_BusFault_IRQn 0 */
 109:Src/stm32f1xx_it.c ****     /* USER CODE END W1_BusFault_IRQn 0 */
 110:Src/stm32f1xx_it.c ****   }
 111:Src/stm32f1xx_it.c ****   /* USER CODE BEGIN BusFault_IRQn 1 */
 112:Src/stm32f1xx_it.c **** 
 113:Src/stm32f1xx_it.c ****   /* USER CODE END BusFault_IRQn 1 */
 114:Src/stm32f1xx_it.c **** }
 115:Src/stm32f1xx_it.c **** 
 116:Src/stm32f1xx_it.c **** /**
 117:Src/stm32f1xx_it.c **** * @brief This function handles Undefined instruction or illegal state.
 118:Src/stm32f1xx_it.c **** */
 119:Src/stm32f1xx_it.c **** void UsageFault_Handler(void)
 120:Src/stm32f1xx_it.c **** {
 108              		.loc 1 120 0
 109              		.cfi_startproc
 110              		@ Volatile: function does not return.
 111              		@ args = 0, pretend = 0, frame = 0
 112              		@ frame_needed = 0, uses_anonymous_args = 0
 113              		@ link register save eliminated.
 114              	.L9:
 115 0000 FEE7     		b	.L9
 116              		.cfi_endproc
 117              	.LFE68:
ARM GAS  /tmp/cc9ovEH5.s 			page 5


 119              		.section	.text.SVC_Handler,"ax",%progbits
 120              		.align	1
 121              		.global	SVC_Handler
 122              		.syntax unified
 123              		.thumb
 124              		.thumb_func
 125              		.fpu softvfp
 127              	SVC_Handler:
 128              	.LFB69:
 121:Src/stm32f1xx_it.c ****   /* USER CODE BEGIN UsageFault_IRQn 0 */
 122:Src/stm32f1xx_it.c **** 
 123:Src/stm32f1xx_it.c ****   /* USER CODE END UsageFault_IRQn 0 */
 124:Src/stm32f1xx_it.c ****   while (1)
 125:Src/stm32f1xx_it.c ****   {
 126:Src/stm32f1xx_it.c ****     /* USER CODE BEGIN W1_UsageFault_IRQn 0 */
 127:Src/stm32f1xx_it.c ****     /* USER CODE END W1_UsageFault_IRQn 0 */
 128:Src/stm32f1xx_it.c ****   }
 129:Src/stm32f1xx_it.c ****   /* USER CODE BEGIN UsageFault_IRQn 1 */
 130:Src/stm32f1xx_it.c **** 
 131:Src/stm32f1xx_it.c ****   /* USER CODE END UsageFault_IRQn 1 */
 132:Src/stm32f1xx_it.c **** }
 133:Src/stm32f1xx_it.c **** 
 134:Src/stm32f1xx_it.c **** /**
 135:Src/stm32f1xx_it.c **** * @brief This function handles System service call via SWI instruction.
 136:Src/stm32f1xx_it.c **** */
 137:Src/stm32f1xx_it.c **** void SVC_Handler(void)
 138:Src/stm32f1xx_it.c **** {
 129              		.loc 1 138 0
 130              		.cfi_startproc
 131              		@ args = 0, pretend = 0, frame = 0
 132              		@ frame_needed = 0, uses_anonymous_args = 0
 133              		@ link register save eliminated.
 134 0000 7047     		bx	lr
 135              		.cfi_endproc
 136              	.LFE69:
 138              		.section	.text.DebugMon_Handler,"ax",%progbits
 139              		.align	1
 140              		.global	DebugMon_Handler
 141              		.syntax unified
 142              		.thumb
 143              		.thumb_func
 144              		.fpu softvfp
 146              	DebugMon_Handler:
 147              	.LFB70:
 139:Src/stm32f1xx_it.c ****   /* USER CODE BEGIN SVCall_IRQn 0 */
 140:Src/stm32f1xx_it.c **** 
 141:Src/stm32f1xx_it.c ****   /* USER CODE END SVCall_IRQn 0 */
 142:Src/stm32f1xx_it.c ****   /* USER CODE BEGIN SVCall_IRQn 1 */
 143:Src/stm32f1xx_it.c **** 
 144:Src/stm32f1xx_it.c ****   /* USER CODE END SVCall_IRQn 1 */
 145:Src/stm32f1xx_it.c **** }
 146:Src/stm32f1xx_it.c **** 
 147:Src/stm32f1xx_it.c **** /**
 148:Src/stm32f1xx_it.c **** * @brief This function handles Debug monitor.
 149:Src/stm32f1xx_it.c **** */
 150:Src/stm32f1xx_it.c **** void DebugMon_Handler(void)
 151:Src/stm32f1xx_it.c **** {
ARM GAS  /tmp/cc9ovEH5.s 			page 6


 148              		.loc 1 151 0
 149              		.cfi_startproc
 150              		@ args = 0, pretend = 0, frame = 0
 151              		@ frame_needed = 0, uses_anonymous_args = 0
 152              		@ link register save eliminated.
 153 0000 7047     		bx	lr
 154              		.cfi_endproc
 155              	.LFE70:
 157              		.section	.text.PendSV_Handler,"ax",%progbits
 158              		.align	1
 159              		.global	PendSV_Handler
 160              		.syntax unified
 161              		.thumb
 162              		.thumb_func
 163              		.fpu softvfp
 165              	PendSV_Handler:
 166              	.LFB71:
 152:Src/stm32f1xx_it.c ****   /* USER CODE BEGIN DebugMonitor_IRQn 0 */
 153:Src/stm32f1xx_it.c **** 
 154:Src/stm32f1xx_it.c ****   /* USER CODE END DebugMonitor_IRQn 0 */
 155:Src/stm32f1xx_it.c ****   /* USER CODE BEGIN DebugMonitor_IRQn 1 */
 156:Src/stm32f1xx_it.c **** 
 157:Src/stm32f1xx_it.c ****   /* USER CODE END DebugMonitor_IRQn 1 */
 158:Src/stm32f1xx_it.c **** }
 159:Src/stm32f1xx_it.c **** 
 160:Src/stm32f1xx_it.c **** /**
 161:Src/stm32f1xx_it.c **** * @brief This function handles Pendable request for system service.
 162:Src/stm32f1xx_it.c **** */
 163:Src/stm32f1xx_it.c **** void PendSV_Handler(void)
 164:Src/stm32f1xx_it.c **** {
 167              		.loc 1 164 0
 168              		.cfi_startproc
 169              		@ args = 0, pretend = 0, frame = 0
 170              		@ frame_needed = 0, uses_anonymous_args = 0
 171              		@ link register save eliminated.
 172 0000 7047     		bx	lr
 173              		.cfi_endproc
 174              	.LFE71:
 176              		.section	.text.SysTick_Handler,"ax",%progbits
 177              		.align	1
 178              		.global	SysTick_Handler
 179              		.syntax unified
 180              		.thumb
 181              		.thumb_func
 182              		.fpu softvfp
 184              	SysTick_Handler:
 185              	.LFB72:
 165:Src/stm32f1xx_it.c ****   /* USER CODE BEGIN PendSV_IRQn 0 */
 166:Src/stm32f1xx_it.c **** 
 167:Src/stm32f1xx_it.c ****   /* USER CODE END PendSV_IRQn 0 */
 168:Src/stm32f1xx_it.c ****   /* USER CODE BEGIN PendSV_IRQn 1 */
 169:Src/stm32f1xx_it.c **** 
 170:Src/stm32f1xx_it.c ****   /* USER CODE END PendSV_IRQn 1 */
 171:Src/stm32f1xx_it.c **** }
 172:Src/stm32f1xx_it.c **** 
 173:Src/stm32f1xx_it.c **** /**
 174:Src/stm32f1xx_it.c **** * @brief This function handles System tick timer.
ARM GAS  /tmp/cc9ovEH5.s 			page 7


 175:Src/stm32f1xx_it.c **** */
 176:Src/stm32f1xx_it.c **** void SysTick_Handler(void)
 177:Src/stm32f1xx_it.c **** {
 186              		.loc 1 177 0
 187              		.cfi_startproc
 188              		@ args = 0, pretend = 0, frame = 0
 189              		@ frame_needed = 0, uses_anonymous_args = 0
 190              		.loc 1 177 0
 191 0000 08B5     		push	{r3, lr}
 192              	.LCFI0:
 193              		.cfi_def_cfa_offset 8
 194              		.cfi_offset 3, -8
 195              		.cfi_offset 14, -4
 178:Src/stm32f1xx_it.c ****   /* USER CODE BEGIN SysTick_IRQn 0 */
 179:Src/stm32f1xx_it.c **** 
 180:Src/stm32f1xx_it.c ****   /* USER CODE END SysTick_IRQn 0 */
 181:Src/stm32f1xx_it.c ****   HAL_IncTick();
 196              		.loc 1 181 0
 197 0002 FFF7FEFF 		bl	HAL_IncTick
 198              	.LVL0:
 182:Src/stm32f1xx_it.c ****   HAL_SYSTICK_IRQHandler();
 199              		.loc 1 182 0
 200 0006 FFF7FEFF 		bl	HAL_SYSTICK_IRQHandler
 201              	.LVL1:
 202 000a 08BD     		pop	{r3, pc}
 203              		.cfi_endproc
 204              	.LFE72:
 206              		.section	.text.USART1_IRQHandler,"ax",%progbits
 207              		.align	1
 208              		.global	USART1_IRQHandler
 209              		.syntax unified
 210              		.thumb
 211              		.thumb_func
 212              		.fpu softvfp
 214              	USART1_IRQHandler:
 215              	.LFB73:
 183:Src/stm32f1xx_it.c ****   /* USER CODE BEGIN SysTick_IRQn 1 */
 184:Src/stm32f1xx_it.c **** 
 185:Src/stm32f1xx_it.c ****   /* USER CODE END SysTick_IRQn 1 */
 186:Src/stm32f1xx_it.c **** }
 187:Src/stm32f1xx_it.c **** 
 188:Src/stm32f1xx_it.c **** /******************************************************************************/
 189:Src/stm32f1xx_it.c **** /* STM32F1xx Peripheral Interrupt Handlers                                    */
 190:Src/stm32f1xx_it.c **** /* Add here the Interrupt Handlers for the used peripherals.                  */
 191:Src/stm32f1xx_it.c **** /* For the available peripheral interrupt handler names,                      */
 192:Src/stm32f1xx_it.c **** /* please refer to the startup file (startup_stm32f1xx.s).                    */
 193:Src/stm32f1xx_it.c **** /******************************************************************************/
 194:Src/stm32f1xx_it.c **** 
 195:Src/stm32f1xx_it.c **** /**
 196:Src/stm32f1xx_it.c **** * @brief This function handles USART1 global interrupt.
 197:Src/stm32f1xx_it.c **** */
 198:Src/stm32f1xx_it.c **** void USART1_IRQHandler(void)
 199:Src/stm32f1xx_it.c **** {
 216              		.loc 1 199 0
 217              		.cfi_startproc
 218              		@ args = 0, pretend = 0, frame = 0
 219              		@ frame_needed = 0, uses_anonymous_args = 0
ARM GAS  /tmp/cc9ovEH5.s 			page 8


 220 0000 08B5     		push	{r3, lr}
 221              	.LCFI1:
 222              		.cfi_def_cfa_offset 8
 223              		.cfi_offset 3, -8
 224              		.cfi_offset 14, -4
 200:Src/stm32f1xx_it.c ****   /* USER CODE BEGIN USART1_IRQn 0 */
 201:Src/stm32f1xx_it.c **** 
 202:Src/stm32f1xx_it.c ****   /* USER CODE END USART1_IRQn 0 */
 203:Src/stm32f1xx_it.c ****   HAL_UART_IRQHandler(&huart1);
 225              		.loc 1 203 0
 226 0002 0248     		ldr	r0, .L17
 227 0004 FFF7FEFF 		bl	HAL_UART_IRQHandler
 228              	.LVL2:
 229 0008 08BD     		pop	{r3, pc}
 230              	.L18:
 231 000a 00BF     		.align	2
 232              	.L17:
 233 000c 00000000 		.word	huart1
 234              		.cfi_endproc
 235              	.LFE73:
 237              		.text
 238              	.Letext0:
 239              		.file 2 "/usr/bin/gcc-arm-none-eabi-6-2017-q2-update/arm-none-eabi/include/machine/_default_types.
 240              		.file 3 "/usr/bin/gcc-arm-none-eabi-6-2017-q2-update/arm-none-eabi/include/sys/_stdint.h"
 241              		.file 4 "Drivers/CMSIS/Include/core_cm3.h"
 242              		.file 5 "Drivers/CMSIS/Device/ST/STM32F1xx/Include/system_stm32f1xx.h"
 243              		.file 6 "Drivers/CMSIS/Device/ST/STM32F1xx/Include/stm32f103xb.h"
 244              		.file 7 "/usr/bin/gcc-arm-none-eabi-6-2017-q2-update/arm-none-eabi/include/sys/lock.h"
 245              		.file 8 "/usr/bin/gcc-arm-none-eabi-6-2017-q2-update/arm-none-eabi/include/sys/_types.h"
 246              		.file 9 "/usr/bin/gcc-arm-none-eabi-6-2017-q2-update/lib/gcc/arm-none-eabi/6.3.1/include/stddef.h"
 247              		.file 10 "/usr/bin/gcc-arm-none-eabi-6-2017-q2-update/arm-none-eabi/include/sys/reent.h"
 248              		.file 11 "Drivers/STM32F1xx_HAL_Driver/Inc/stm32f1xx_hal_def.h"
 249              		.file 12 "Drivers/STM32F1xx_HAL_Driver/Inc/stm32f1xx_hal_dma.h"
 250              		.file 13 "Drivers/STM32F1xx_HAL_Driver/Inc/stm32f1xx_hal_uart.h"
 251              		.file 14 "Drivers/STM32F1xx_HAL_Driver/Inc/stm32f1xx_hal.h"
 252              		.file 15 "Drivers/STM32F1xx_HAL_Driver/Inc/stm32f1xx_hal_cortex.h"
ARM GAS  /tmp/cc9ovEH5.s 			page 9


DEFINED SYMBOLS
                            *ABS*:0000000000000000 stm32f1xx_it.c
     /tmp/cc9ovEH5.s:16     .text.NMI_Handler:0000000000000000 $t
     /tmp/cc9ovEH5.s:23     .text.NMI_Handler:0000000000000000 NMI_Handler
     /tmp/cc9ovEH5.s:36     .text.HardFault_Handler:0000000000000000 $t
     /tmp/cc9ovEH5.s:43     .text.HardFault_Handler:0000000000000000 HardFault_Handler
     /tmp/cc9ovEH5.s:57     .text.MemManage_Handler:0000000000000000 $t
     /tmp/cc9ovEH5.s:64     .text.MemManage_Handler:0000000000000000 MemManage_Handler
     /tmp/cc9ovEH5.s:78     .text.BusFault_Handler:0000000000000000 $t
     /tmp/cc9ovEH5.s:85     .text.BusFault_Handler:0000000000000000 BusFault_Handler
     /tmp/cc9ovEH5.s:99     .text.UsageFault_Handler:0000000000000000 $t
     /tmp/cc9ovEH5.s:106    .text.UsageFault_Handler:0000000000000000 UsageFault_Handler
     /tmp/cc9ovEH5.s:120    .text.SVC_Handler:0000000000000000 $t
     /tmp/cc9ovEH5.s:127    .text.SVC_Handler:0000000000000000 SVC_Handler
     /tmp/cc9ovEH5.s:139    .text.DebugMon_Handler:0000000000000000 $t
     /tmp/cc9ovEH5.s:146    .text.DebugMon_Handler:0000000000000000 DebugMon_Handler
     /tmp/cc9ovEH5.s:158    .text.PendSV_Handler:0000000000000000 $t
     /tmp/cc9ovEH5.s:165    .text.PendSV_Handler:0000000000000000 PendSV_Handler
     /tmp/cc9ovEH5.s:177    .text.SysTick_Handler:0000000000000000 $t
     /tmp/cc9ovEH5.s:184    .text.SysTick_Handler:0000000000000000 SysTick_Handler
     /tmp/cc9ovEH5.s:207    .text.USART1_IRQHandler:0000000000000000 $t
     /tmp/cc9ovEH5.s:214    .text.USART1_IRQHandler:0000000000000000 USART1_IRQHandler
     /tmp/cc9ovEH5.s:233    .text.USART1_IRQHandler:000000000000000c $d
                     .debug_frame:0000000000000010 $d

UNDEFINED SYMBOLS
HAL_IncTick
HAL_SYSTICK_IRQHandler
HAL_UART_IRQHandler
huart1
