ARM GAS  /tmp/cci5Hyoj.s 			page 1


   1              		.cpu cortex-m3
   2              		.eabi_attribute 20, 1
   3              		.eabi_attribute 21, 1
   4              		.eabi_attribute 23, 3
   5              		.eabi_attribute 24, 1
   6              		.eabi_attribute 25, 1
   7              		.eabi_attribute 26, 1
   8              		.eabi_attribute 30, 1
   9              		.eabi_attribute 34, 1
  10              		.eabi_attribute 18, 4
  11              		.file	"stm32f1xx_hal_msp.c"
  12              		.text
  13              	.Ltext0:
  14              		.cfi_sections	.debug_frame
  15              		.section	.text.HAL_MspInit,"ax",%progbits
  16              		.align	1
  17              		.global	HAL_MspInit
  18              		.syntax unified
  19              		.thumb
  20              		.thumb_func
  21              		.fpu softvfp
  23              	HAL_MspInit:
  24              	.LFB64:
  25              		.file 1 "Src/stm32f1xx_hal_msp.c"
   1:Src/stm32f1xx_hal_msp.c **** /**
   2:Src/stm32f1xx_hal_msp.c ****   ******************************************************************************
   3:Src/stm32f1xx_hal_msp.c ****   * File Name          : stm32f1xx_hal_msp.c
   4:Src/stm32f1xx_hal_msp.c ****   * Description        : This file provides code for the MSP Initialization 
   5:Src/stm32f1xx_hal_msp.c ****   *                      and de-Initialization codes.
   6:Src/stm32f1xx_hal_msp.c ****   ******************************************************************************
   7:Src/stm32f1xx_hal_msp.c ****   ** This notice applies to any and all portions of this file
   8:Src/stm32f1xx_hal_msp.c ****   * that are not between comment pairs USER CODE BEGIN and
   9:Src/stm32f1xx_hal_msp.c ****   * USER CODE END. Other portions of this file, whether 
  10:Src/stm32f1xx_hal_msp.c ****   * inserted by the user or by software development tools
  11:Src/stm32f1xx_hal_msp.c ****   * are owned by their respective copyright owners.
  12:Src/stm32f1xx_hal_msp.c ****   *
  13:Src/stm32f1xx_hal_msp.c ****   * COPYRIGHT(c) 2018 STMicroelectronics
  14:Src/stm32f1xx_hal_msp.c ****   *
  15:Src/stm32f1xx_hal_msp.c ****   * Redistribution and use in source and binary forms, with or without modification,
  16:Src/stm32f1xx_hal_msp.c ****   * are permitted provided that the following conditions are met:
  17:Src/stm32f1xx_hal_msp.c ****   *   1. Redistributions of source code must retain the above copyright notice,
  18:Src/stm32f1xx_hal_msp.c ****   *      this list of conditions and the following disclaimer.
  19:Src/stm32f1xx_hal_msp.c ****   *   2. Redistributions in binary form must reproduce the above copyright notice,
  20:Src/stm32f1xx_hal_msp.c ****   *      this list of conditions and the following disclaimer in the documentation
  21:Src/stm32f1xx_hal_msp.c ****   *      and/or other materials provided with the distribution.
  22:Src/stm32f1xx_hal_msp.c ****   *   3. Neither the name of STMicroelectronics nor the names of its contributors
  23:Src/stm32f1xx_hal_msp.c ****   *      may be used to endorse or promote products derived from this software
  24:Src/stm32f1xx_hal_msp.c ****   *      without specific prior written permission.
  25:Src/stm32f1xx_hal_msp.c ****   *
  26:Src/stm32f1xx_hal_msp.c ****   * THIS SOFTWARE IS PROVIDED BY THE COPYRIGHT HOLDERS AND CONTRIBUTORS "AS IS"
  27:Src/stm32f1xx_hal_msp.c ****   * AND ANY EXPRESS OR IMPLIED WARRANTIES, INCLUDING, BUT NOT LIMITED TO, THE
  28:Src/stm32f1xx_hal_msp.c ****   * IMPLIED WARRANTIES OF MERCHANTABILITY AND FITNESS FOR A PARTICULAR PURPOSE ARE
  29:Src/stm32f1xx_hal_msp.c ****   * DISCLAIMED. IN NO EVENT SHALL THE COPYRIGHT HOLDER OR CONTRIBUTORS BE LIABLE
  30:Src/stm32f1xx_hal_msp.c ****   * FOR ANY DIRECT, INDIRECT, INCIDENTAL, SPECIAL, EXEMPLARY, OR CONSEQUENTIAL
  31:Src/stm32f1xx_hal_msp.c ****   * DAMAGES (INCLUDING, BUT NOT LIMITED TO, PROCUREMENT OF SUBSTITUTE GOODS OR
  32:Src/stm32f1xx_hal_msp.c ****   * SERVICES; LOSS OF USE, DATA, OR PROFITS; OR BUSINESS INTERRUPTION) HOWEVER
  33:Src/stm32f1xx_hal_msp.c ****   * CAUSED AND ON ANY THEORY OF LIABILITY, WHETHER IN CONTRACT, STRICT LIABILITY,
ARM GAS  /tmp/cci5Hyoj.s 			page 2


  34:Src/stm32f1xx_hal_msp.c ****   * OR TORT (INCLUDING NEGLIGENCE OR OTHERWISE) ARISING IN ANY WAY OUT OF THE USE
  35:Src/stm32f1xx_hal_msp.c ****   * OF THIS SOFTWARE, EVEN IF ADVISED OF THE POSSIBILITY OF SUCH DAMAGE.
  36:Src/stm32f1xx_hal_msp.c ****   *
  37:Src/stm32f1xx_hal_msp.c ****   ******************************************************************************
  38:Src/stm32f1xx_hal_msp.c ****   */
  39:Src/stm32f1xx_hal_msp.c **** /* Includes ------------------------------------------------------------------*/
  40:Src/stm32f1xx_hal_msp.c **** #include "stm32f1xx_hal.h"
  41:Src/stm32f1xx_hal_msp.c **** extern void _Error_Handler(char *, int);
  42:Src/stm32f1xx_hal_msp.c **** /* USER CODE BEGIN 0 */
  43:Src/stm32f1xx_hal_msp.c **** 
  44:Src/stm32f1xx_hal_msp.c **** /* USER CODE END 0 */
  45:Src/stm32f1xx_hal_msp.c **** /**
  46:Src/stm32f1xx_hal_msp.c ****   * Initializes the Global MSP.
  47:Src/stm32f1xx_hal_msp.c ****   */
  48:Src/stm32f1xx_hal_msp.c **** void HAL_MspInit(void)
  49:Src/stm32f1xx_hal_msp.c **** {
  26              		.loc 1 49 0
  27              		.cfi_startproc
  28              		@ args = 0, pretend = 0, frame = 8
  29              		@ frame_needed = 0, uses_anonymous_args = 0
  30 0000 00B5     		push	{lr}
  31              	.LCFI0:
  32              		.cfi_def_cfa_offset 4
  33              		.cfi_offset 14, -4
  34 0002 83B0     		sub	sp, sp, #12
  35              	.LCFI1:
  36              		.cfi_def_cfa_offset 16
  37              	.LBB2:
  50:Src/stm32f1xx_hal_msp.c ****   /* USER CODE BEGIN MspInit 0 */
  51:Src/stm32f1xx_hal_msp.c **** 
  52:Src/stm32f1xx_hal_msp.c ****   /* USER CODE END MspInit 0 */
  53:Src/stm32f1xx_hal_msp.c **** 
  54:Src/stm32f1xx_hal_msp.c ****   __HAL_RCC_AFIO_CLK_ENABLE();
  38              		.loc 1 54 0
  39 0004 244B     		ldr	r3, .L3
  40 0006 9A69     		ldr	r2, [r3, #24]
  41 0008 42F00102 		orr	r2, r2, #1
  42 000c 9A61     		str	r2, [r3, #24]
  43 000e 9A69     		ldr	r2, [r3, #24]
  44 0010 02F00102 		and	r2, r2, #1
  45 0014 0092     		str	r2, [sp]
  46 0016 009A     		ldr	r2, [sp]
  47              	.LBE2:
  48              	.LBB3:
  55:Src/stm32f1xx_hal_msp.c ****   __HAL_RCC_PWR_CLK_ENABLE();
  49              		.loc 1 55 0
  50 0018 DA69     		ldr	r2, [r3, #28]
  51 001a 42F08052 		orr	r2, r2, #268435456
  52 001e DA61     		str	r2, [r3, #28]
  53 0020 DB69     		ldr	r3, [r3, #28]
  54 0022 03F08053 		and	r3, r3, #268435456
  55 0026 0193     		str	r3, [sp, #4]
  56 0028 019B     		ldr	r3, [sp, #4]
  57              	.LBE3:
  56:Src/stm32f1xx_hal_msp.c **** 
  57:Src/stm32f1xx_hal_msp.c ****   HAL_NVIC_SetPriorityGrouping(NVIC_PRIORITYGROUP_4);
  58              		.loc 1 57 0
ARM GAS  /tmp/cci5Hyoj.s 			page 3


  59 002a 0320     		movs	r0, #3
  60 002c FFF7FEFF 		bl	HAL_NVIC_SetPriorityGrouping
  61              	.LVL0:
  58:Src/stm32f1xx_hal_msp.c **** 
  59:Src/stm32f1xx_hal_msp.c ****   /* System interrupt init*/
  60:Src/stm32f1xx_hal_msp.c ****   /* MemoryManagement_IRQn interrupt configuration */
  61:Src/stm32f1xx_hal_msp.c ****   HAL_NVIC_SetPriority(MemoryManagement_IRQn, 0, 0);
  62              		.loc 1 61 0
  63 0030 0022     		movs	r2, #0
  64 0032 1146     		mov	r1, r2
  65 0034 6FF00B00 		mvn	r0, #11
  66 0038 FFF7FEFF 		bl	HAL_NVIC_SetPriority
  67              	.LVL1:
  62:Src/stm32f1xx_hal_msp.c ****   /* BusFault_IRQn interrupt configuration */
  63:Src/stm32f1xx_hal_msp.c ****   HAL_NVIC_SetPriority(BusFault_IRQn, 0, 0);
  68              		.loc 1 63 0
  69 003c 0022     		movs	r2, #0
  70 003e 1146     		mov	r1, r2
  71 0040 6FF00A00 		mvn	r0, #10
  72 0044 FFF7FEFF 		bl	HAL_NVIC_SetPriority
  73              	.LVL2:
  64:Src/stm32f1xx_hal_msp.c ****   /* UsageFault_IRQn interrupt configuration */
  65:Src/stm32f1xx_hal_msp.c ****   HAL_NVIC_SetPriority(UsageFault_IRQn, 0, 0);
  74              		.loc 1 65 0
  75 0048 0022     		movs	r2, #0
  76 004a 1146     		mov	r1, r2
  77 004c 6FF00900 		mvn	r0, #9
  78 0050 FFF7FEFF 		bl	HAL_NVIC_SetPriority
  79              	.LVL3:
  66:Src/stm32f1xx_hal_msp.c ****   /* SVCall_IRQn interrupt configuration */
  67:Src/stm32f1xx_hal_msp.c ****   HAL_NVIC_SetPriority(SVCall_IRQn, 0, 0);
  80              		.loc 1 67 0
  81 0054 0022     		movs	r2, #0
  82 0056 1146     		mov	r1, r2
  83 0058 6FF00400 		mvn	r0, #4
  84 005c FFF7FEFF 		bl	HAL_NVIC_SetPriority
  85              	.LVL4:
  68:Src/stm32f1xx_hal_msp.c ****   /* DebugMonitor_IRQn interrupt configuration */
  69:Src/stm32f1xx_hal_msp.c ****   HAL_NVIC_SetPriority(DebugMonitor_IRQn, 0, 0);
  86              		.loc 1 69 0
  87 0060 0022     		movs	r2, #0
  88 0062 1146     		mov	r1, r2
  89 0064 6FF00300 		mvn	r0, #3
  90 0068 FFF7FEFF 		bl	HAL_NVIC_SetPriority
  91              	.LVL5:
  70:Src/stm32f1xx_hal_msp.c ****   /* PendSV_IRQn interrupt configuration */
  71:Src/stm32f1xx_hal_msp.c ****   HAL_NVIC_SetPriority(PendSV_IRQn, 0, 0);
  92              		.loc 1 71 0
  93 006c 0022     		movs	r2, #0
  94 006e 1146     		mov	r1, r2
  95 0070 6FF00100 		mvn	r0, #1
  96 0074 FFF7FEFF 		bl	HAL_NVIC_SetPriority
  97              	.LVL6:
  72:Src/stm32f1xx_hal_msp.c ****   /* SysTick_IRQn interrupt configuration */
  73:Src/stm32f1xx_hal_msp.c ****   HAL_NVIC_SetPriority(SysTick_IRQn, 0, 0);
  98              		.loc 1 73 0
  99 0078 0022     		movs	r2, #0
ARM GAS  /tmp/cci5Hyoj.s 			page 4


 100 007a 1146     		mov	r1, r2
 101 007c 4FF0FF30 		mov	r0, #-1
 102 0080 FFF7FEFF 		bl	HAL_NVIC_SetPriority
 103              	.LVL7:
 104              	.LBB4:
  74:Src/stm32f1xx_hal_msp.c **** 
  75:Src/stm32f1xx_hal_msp.c ****     /**NOJTAG: JTAG-DP Disabled and SW-DP Enabled 
  76:Src/stm32f1xx_hal_msp.c ****     */
  77:Src/stm32f1xx_hal_msp.c ****   __HAL_AFIO_REMAP_SWJ_NOJTAG();
 105              		.loc 1 77 0
 106 0084 054A     		ldr	r2, .L3+4
 107 0086 5368     		ldr	r3, [r2, #4]
 108              	.LVL8:
 109 0088 23F0E063 		bic	r3, r3, #117440512
 110              	.LVL9:
 111 008c 43F00073 		orr	r3, r3, #33554432
 112              	.LVL10:
 113 0090 5360     		str	r3, [r2, #4]
 114              	.LBE4:
  78:Src/stm32f1xx_hal_msp.c **** 
  79:Src/stm32f1xx_hal_msp.c ****   /* USER CODE BEGIN MspInit 1 */
  80:Src/stm32f1xx_hal_msp.c **** 
  81:Src/stm32f1xx_hal_msp.c ****   /* USER CODE END MspInit 1 */
  82:Src/stm32f1xx_hal_msp.c **** }
 115              		.loc 1 82 0
 116 0092 03B0     		add	sp, sp, #12
 117              	.LCFI2:
 118              		.cfi_def_cfa_offset 4
 119              		@ sp needed
 120 0094 5DF804FB 		ldr	pc, [sp], #4
 121              	.L4:
 122              		.align	2
 123              	.L3:
 124 0098 00100240 		.word	1073876992
 125 009c 00000140 		.word	1073807360
 126              		.cfi_endproc
 127              	.LFE64:
 129              		.section	.text.HAL_CAN_MspInit,"ax",%progbits
 130              		.align	1
 131              		.global	HAL_CAN_MspInit
 132              		.syntax unified
 133              		.thumb
 134              		.thumb_func
 135              		.fpu softvfp
 137              	HAL_CAN_MspInit:
 138              	.LFB65:
  83:Src/stm32f1xx_hal_msp.c **** 
  84:Src/stm32f1xx_hal_msp.c **** void HAL_CAN_MspInit(CAN_HandleTypeDef* hcan)
  85:Src/stm32f1xx_hal_msp.c **** {
 139              		.loc 1 85 0
 140              		.cfi_startproc
 141              		@ args = 0, pretend = 0, frame = 24
 142              		@ frame_needed = 0, uses_anonymous_args = 0
 143              	.LVL11:
  86:Src/stm32f1xx_hal_msp.c **** 
  87:Src/stm32f1xx_hal_msp.c ****   GPIO_InitTypeDef GPIO_InitStruct;
  88:Src/stm32f1xx_hal_msp.c ****   if(hcan->Instance==CAN1)
ARM GAS  /tmp/cci5Hyoj.s 			page 5


 144              		.loc 1 88 0
 145 0000 0268     		ldr	r2, [r0]
 146 0002 144B     		ldr	r3, .L12
 147 0004 9A42     		cmp	r2, r3
 148 0006 00D0     		beq	.L11
 149 0008 7047     		bx	lr
 150              	.L11:
  85:Src/stm32f1xx_hal_msp.c **** 
 151              		.loc 1 85 0
 152 000a 10B5     		push	{r4, lr}
 153              	.LCFI3:
 154              		.cfi_def_cfa_offset 8
 155              		.cfi_offset 4, -8
 156              		.cfi_offset 14, -4
 157 000c 86B0     		sub	sp, sp, #24
 158              	.LCFI4:
 159              		.cfi_def_cfa_offset 32
 160              	.LBB5:
  89:Src/stm32f1xx_hal_msp.c ****   {
  90:Src/stm32f1xx_hal_msp.c ****   /* USER CODE BEGIN CAN1_MspInit 0 */
  91:Src/stm32f1xx_hal_msp.c **** 
  92:Src/stm32f1xx_hal_msp.c ****   /* USER CODE END CAN1_MspInit 0 */
  93:Src/stm32f1xx_hal_msp.c ****     /* Peripheral clock enable */
  94:Src/stm32f1xx_hal_msp.c ****     __HAL_RCC_CAN1_CLK_ENABLE();
 161              		.loc 1 94 0
 162 000e 03F5D633 		add	r3, r3, #109568
 163 0012 DA69     		ldr	r2, [r3, #28]
 164 0014 42F00072 		orr	r2, r2, #33554432
 165 0018 DA61     		str	r2, [r3, #28]
 166 001a DB69     		ldr	r3, [r3, #28]
 167 001c 03F00073 		and	r3, r3, #33554432
 168 0020 0193     		str	r3, [sp, #4]
 169 0022 019B     		ldr	r3, [sp, #4]
 170              	.LBE5:
  95:Src/stm32f1xx_hal_msp.c ****   
  96:Src/stm32f1xx_hal_msp.c ****     /**CAN GPIO Configuration    
  97:Src/stm32f1xx_hal_msp.c ****     PA11     ------> CAN_RX
  98:Src/stm32f1xx_hal_msp.c ****     PA12     ------> CAN_TX 
  99:Src/stm32f1xx_hal_msp.c ****     */
 100:Src/stm32f1xx_hal_msp.c ****     GPIO_InitStruct.Pin = GPIO_PIN_11;
 171              		.loc 1 100 0
 172 0024 4FF40063 		mov	r3, #2048
 173 0028 0293     		str	r3, [sp, #8]
 101:Src/stm32f1xx_hal_msp.c ****     GPIO_InitStruct.Mode = GPIO_MODE_INPUT;
 174              		.loc 1 101 0
 175 002a 0023     		movs	r3, #0
 176 002c 0393     		str	r3, [sp, #12]
 102:Src/stm32f1xx_hal_msp.c ****     GPIO_InitStruct.Pull = GPIO_NOPULL;
 177              		.loc 1 102 0
 178 002e 0493     		str	r3, [sp, #16]
 103:Src/stm32f1xx_hal_msp.c ****     HAL_GPIO_Init(GPIOA, &GPIO_InitStruct);
 179              		.loc 1 103 0
 180 0030 094C     		ldr	r4, .L12+4
 181 0032 02A9     		add	r1, sp, #8
 182 0034 2046     		mov	r0, r4
 183              	.LVL12:
 184 0036 FFF7FEFF 		bl	HAL_GPIO_Init
ARM GAS  /tmp/cci5Hyoj.s 			page 6


 185              	.LVL13:
 104:Src/stm32f1xx_hal_msp.c **** 
 105:Src/stm32f1xx_hal_msp.c ****     GPIO_InitStruct.Pin = GPIO_PIN_12;
 186              		.loc 1 105 0
 187 003a 4FF48053 		mov	r3, #4096
 188 003e 0293     		str	r3, [sp, #8]
 106:Src/stm32f1xx_hal_msp.c ****     GPIO_InitStruct.Mode = GPIO_MODE_AF_PP;
 189              		.loc 1 106 0
 190 0040 0223     		movs	r3, #2
 191 0042 0393     		str	r3, [sp, #12]
 107:Src/stm32f1xx_hal_msp.c ****     GPIO_InitStruct.Speed = GPIO_SPEED_FREQ_HIGH;
 192              		.loc 1 107 0
 193 0044 0323     		movs	r3, #3
 194 0046 0593     		str	r3, [sp, #20]
 108:Src/stm32f1xx_hal_msp.c ****     HAL_GPIO_Init(GPIOA, &GPIO_InitStruct);
 195              		.loc 1 108 0
 196 0048 02A9     		add	r1, sp, #8
 197 004a 2046     		mov	r0, r4
 198 004c FFF7FEFF 		bl	HAL_GPIO_Init
 199              	.LVL14:
 109:Src/stm32f1xx_hal_msp.c **** 
 110:Src/stm32f1xx_hal_msp.c ****   /* USER CODE BEGIN CAN1_MspInit 1 */
 111:Src/stm32f1xx_hal_msp.c **** 
 112:Src/stm32f1xx_hal_msp.c ****   /* USER CODE END CAN1_MspInit 1 */
 113:Src/stm32f1xx_hal_msp.c ****   }
 114:Src/stm32f1xx_hal_msp.c **** 
 115:Src/stm32f1xx_hal_msp.c **** }
 200              		.loc 1 115 0
 201 0050 06B0     		add	sp, sp, #24
 202              	.LCFI5:
 203              		.cfi_def_cfa_offset 8
 204              		@ sp needed
 205 0052 10BD     		pop	{r4, pc}
 206              	.L13:
 207              		.align	2
 208              	.L12:
 209 0054 00640040 		.word	1073767424
 210 0058 00080140 		.word	1073809408
 211              		.cfi_endproc
 212              	.LFE65:
 214              		.section	.text.HAL_CAN_MspDeInit,"ax",%progbits
 215              		.align	1
 216              		.global	HAL_CAN_MspDeInit
 217              		.syntax unified
 218              		.thumb
 219              		.thumb_func
 220              		.fpu softvfp
 222              	HAL_CAN_MspDeInit:
 223              	.LFB66:
 116:Src/stm32f1xx_hal_msp.c **** 
 117:Src/stm32f1xx_hal_msp.c **** void HAL_CAN_MspDeInit(CAN_HandleTypeDef* hcan)
 118:Src/stm32f1xx_hal_msp.c **** {
 224              		.loc 1 118 0
 225              		.cfi_startproc
 226              		@ args = 0, pretend = 0, frame = 0
 227              		@ frame_needed = 0, uses_anonymous_args = 0
 228              	.LVL15:
ARM GAS  /tmp/cci5Hyoj.s 			page 7


 229 0000 08B5     		push	{r3, lr}
 230              	.LCFI6:
 231              		.cfi_def_cfa_offset 8
 232              		.cfi_offset 3, -8
 233              		.cfi_offset 14, -4
 119:Src/stm32f1xx_hal_msp.c **** 
 120:Src/stm32f1xx_hal_msp.c ****   if(hcan->Instance==CAN1)
 234              		.loc 1 120 0
 235 0002 0268     		ldr	r2, [r0]
 236 0004 074B     		ldr	r3, .L18
 237 0006 9A42     		cmp	r2, r3
 238 0008 00D0     		beq	.L17
 239              	.LVL16:
 240              	.L14:
 241 000a 08BD     		pop	{r3, pc}
 242              	.LVL17:
 243              	.L17:
 121:Src/stm32f1xx_hal_msp.c ****   {
 122:Src/stm32f1xx_hal_msp.c ****   /* USER CODE BEGIN CAN1_MspDeInit 0 */
 123:Src/stm32f1xx_hal_msp.c **** 
 124:Src/stm32f1xx_hal_msp.c ****   /* USER CODE END CAN1_MspDeInit 0 */
 125:Src/stm32f1xx_hal_msp.c ****     /* Peripheral clock disable */
 126:Src/stm32f1xx_hal_msp.c ****     __HAL_RCC_CAN1_CLK_DISABLE();
 244              		.loc 1 126 0
 245 000c 064A     		ldr	r2, .L18+4
 246 000e D369     		ldr	r3, [r2, #28]
 247 0010 23F00073 		bic	r3, r3, #33554432
 248 0014 D361     		str	r3, [r2, #28]
 127:Src/stm32f1xx_hal_msp.c ****   
 128:Src/stm32f1xx_hal_msp.c ****     /**CAN GPIO Configuration    
 129:Src/stm32f1xx_hal_msp.c ****     PA11     ------> CAN_RX
 130:Src/stm32f1xx_hal_msp.c ****     PA12     ------> CAN_TX 
 131:Src/stm32f1xx_hal_msp.c ****     */
 132:Src/stm32f1xx_hal_msp.c ****     HAL_GPIO_DeInit(GPIOA, GPIO_PIN_11|GPIO_PIN_12);
 249              		.loc 1 132 0
 250 0016 4FF4C051 		mov	r1, #6144
 251 001a 0448     		ldr	r0, .L18+8
 252              	.LVL18:
 253 001c FFF7FEFF 		bl	HAL_GPIO_DeInit
 254              	.LVL19:
 133:Src/stm32f1xx_hal_msp.c **** 
 134:Src/stm32f1xx_hal_msp.c ****   /* USER CODE BEGIN CAN1_MspDeInit 1 */
 135:Src/stm32f1xx_hal_msp.c **** 
 136:Src/stm32f1xx_hal_msp.c ****   /* USER CODE END CAN1_MspDeInit 1 */
 137:Src/stm32f1xx_hal_msp.c ****   }
 138:Src/stm32f1xx_hal_msp.c **** 
 139:Src/stm32f1xx_hal_msp.c **** }
 255              		.loc 1 139 0
 256 0020 F3E7     		b	.L14
 257              	.L19:
 258 0022 00BF     		.align	2
 259              	.L18:
 260 0024 00640040 		.word	1073767424
 261 0028 00100240 		.word	1073876992
 262 002c 00080140 		.word	1073809408
 263              		.cfi_endproc
 264              	.LFE66:
ARM GAS  /tmp/cci5Hyoj.s 			page 8


 266              		.section	.text.HAL_UART_MspInit,"ax",%progbits
 267              		.align	1
 268              		.global	HAL_UART_MspInit
 269              		.syntax unified
 270              		.thumb
 271              		.thumb_func
 272              		.fpu softvfp
 274              	HAL_UART_MspInit:
 275              	.LFB67:
 140:Src/stm32f1xx_hal_msp.c **** 
 141:Src/stm32f1xx_hal_msp.c **** void HAL_UART_MspInit(UART_HandleTypeDef* huart)
 142:Src/stm32f1xx_hal_msp.c **** {
 276              		.loc 1 142 0
 277              		.cfi_startproc
 278              		@ args = 0, pretend = 0, frame = 24
 279              		@ frame_needed = 0, uses_anonymous_args = 0
 280              	.LVL20:
 143:Src/stm32f1xx_hal_msp.c **** 
 144:Src/stm32f1xx_hal_msp.c ****   GPIO_InitTypeDef GPIO_InitStruct;
 145:Src/stm32f1xx_hal_msp.c ****   if(huart->Instance==USART1)
 281              		.loc 1 145 0
 282 0000 0268     		ldr	r2, [r0]
 283 0002 184B     		ldr	r3, .L27
 284 0004 9A42     		cmp	r2, r3
 285 0006 00D0     		beq	.L26
 286 0008 7047     		bx	lr
 287              	.L26:
 142:Src/stm32f1xx_hal_msp.c **** 
 288              		.loc 1 142 0
 289 000a 30B5     		push	{r4, r5, lr}
 290              	.LCFI7:
 291              		.cfi_def_cfa_offset 12
 292              		.cfi_offset 4, -12
 293              		.cfi_offset 5, -8
 294              		.cfi_offset 14, -4
 295 000c 87B0     		sub	sp, sp, #28
 296              	.LCFI8:
 297              		.cfi_def_cfa_offset 40
 298              	.LBB6:
 146:Src/stm32f1xx_hal_msp.c ****   {
 147:Src/stm32f1xx_hal_msp.c ****   /* USER CODE BEGIN USART1_MspInit 0 */
 148:Src/stm32f1xx_hal_msp.c **** 
 149:Src/stm32f1xx_hal_msp.c ****   /* USER CODE END USART1_MspInit 0 */
 150:Src/stm32f1xx_hal_msp.c ****     /* Peripheral clock enable */
 151:Src/stm32f1xx_hal_msp.c ****     __HAL_RCC_USART1_CLK_ENABLE();
 299              		.loc 1 151 0
 300 000e 03F55843 		add	r3, r3, #55296
 301 0012 9A69     		ldr	r2, [r3, #24]
 302 0014 42F48042 		orr	r2, r2, #16384
 303 0018 9A61     		str	r2, [r3, #24]
 304 001a 9B69     		ldr	r3, [r3, #24]
 305 001c 03F48043 		and	r3, r3, #16384
 306 0020 0193     		str	r3, [sp, #4]
 307 0022 019B     		ldr	r3, [sp, #4]
 308              	.LBE6:
 152:Src/stm32f1xx_hal_msp.c ****   
 153:Src/stm32f1xx_hal_msp.c ****     /**USART1 GPIO Configuration    
ARM GAS  /tmp/cci5Hyoj.s 			page 9


 154:Src/stm32f1xx_hal_msp.c ****     PA9     ------> USART1_TX
 155:Src/stm32f1xx_hal_msp.c ****     PA10     ------> USART1_RX 
 156:Src/stm32f1xx_hal_msp.c ****     */
 157:Src/stm32f1xx_hal_msp.c ****     GPIO_InitStruct.Pin = GPIO_PIN_9;
 309              		.loc 1 157 0
 310 0024 4FF40073 		mov	r3, #512
 311 0028 0293     		str	r3, [sp, #8]
 158:Src/stm32f1xx_hal_msp.c ****     GPIO_InitStruct.Mode = GPIO_MODE_AF_PP;
 312              		.loc 1 158 0
 313 002a 0223     		movs	r3, #2
 314 002c 0393     		str	r3, [sp, #12]
 159:Src/stm32f1xx_hal_msp.c ****     GPIO_InitStruct.Speed = GPIO_SPEED_FREQ_HIGH;
 315              		.loc 1 159 0
 316 002e 0323     		movs	r3, #3
 317 0030 0593     		str	r3, [sp, #20]
 160:Src/stm32f1xx_hal_msp.c ****     HAL_GPIO_Init(GPIOA, &GPIO_InitStruct);
 318              		.loc 1 160 0
 319 0032 0D4D     		ldr	r5, .L27+4
 320 0034 02A9     		add	r1, sp, #8
 321 0036 2846     		mov	r0, r5
 322              	.LVL21:
 323 0038 FFF7FEFF 		bl	HAL_GPIO_Init
 324              	.LVL22:
 161:Src/stm32f1xx_hal_msp.c **** 
 162:Src/stm32f1xx_hal_msp.c ****     GPIO_InitStruct.Pin = GPIO_PIN_10;
 325              		.loc 1 162 0
 326 003c 4FF48063 		mov	r3, #1024
 327 0040 0293     		str	r3, [sp, #8]
 163:Src/stm32f1xx_hal_msp.c ****     GPIO_InitStruct.Mode = GPIO_MODE_INPUT;
 328              		.loc 1 163 0
 329 0042 0024     		movs	r4, #0
 330 0044 0394     		str	r4, [sp, #12]
 164:Src/stm32f1xx_hal_msp.c ****     GPIO_InitStruct.Pull = GPIO_NOPULL;
 331              		.loc 1 164 0
 332 0046 0494     		str	r4, [sp, #16]
 165:Src/stm32f1xx_hal_msp.c ****     HAL_GPIO_Init(GPIOA, &GPIO_InitStruct);
 333              		.loc 1 165 0
 334 0048 02A9     		add	r1, sp, #8
 335 004a 2846     		mov	r0, r5
 336 004c FFF7FEFF 		bl	HAL_GPIO_Init
 337              	.LVL23:
 166:Src/stm32f1xx_hal_msp.c **** 
 167:Src/stm32f1xx_hal_msp.c ****     /* USART1 interrupt Init */
 168:Src/stm32f1xx_hal_msp.c ****     HAL_NVIC_SetPriority(USART1_IRQn, 0, 0);
 338              		.loc 1 168 0
 339 0050 2246     		mov	r2, r4
 340 0052 2146     		mov	r1, r4
 341 0054 2520     		movs	r0, #37
 342 0056 FFF7FEFF 		bl	HAL_NVIC_SetPriority
 343              	.LVL24:
 169:Src/stm32f1xx_hal_msp.c ****     HAL_NVIC_EnableIRQ(USART1_IRQn);
 344              		.loc 1 169 0
 345 005a 2520     		movs	r0, #37
 346 005c FFF7FEFF 		bl	HAL_NVIC_EnableIRQ
 347              	.LVL25:
 170:Src/stm32f1xx_hal_msp.c ****   /* USER CODE BEGIN USART1_MspInit 1 */
 171:Src/stm32f1xx_hal_msp.c **** 
ARM GAS  /tmp/cci5Hyoj.s 			page 10


 172:Src/stm32f1xx_hal_msp.c ****   /* USER CODE END USART1_MspInit 1 */
 173:Src/stm32f1xx_hal_msp.c ****   }
 174:Src/stm32f1xx_hal_msp.c **** 
 175:Src/stm32f1xx_hal_msp.c **** }
 348              		.loc 1 175 0
 349 0060 07B0     		add	sp, sp, #28
 350              	.LCFI9:
 351              		.cfi_def_cfa_offset 12
 352              		@ sp needed
 353 0062 30BD     		pop	{r4, r5, pc}
 354              	.L28:
 355              		.align	2
 356              	.L27:
 357 0064 00380140 		.word	1073821696
 358 0068 00080140 		.word	1073809408
 359              		.cfi_endproc
 360              	.LFE67:
 362              		.section	.text.HAL_UART_MspDeInit,"ax",%progbits
 363              		.align	1
 364              		.global	HAL_UART_MspDeInit
 365              		.syntax unified
 366              		.thumb
 367              		.thumb_func
 368              		.fpu softvfp
 370              	HAL_UART_MspDeInit:
 371              	.LFB68:
 176:Src/stm32f1xx_hal_msp.c **** 
 177:Src/stm32f1xx_hal_msp.c **** void HAL_UART_MspDeInit(UART_HandleTypeDef* huart)
 178:Src/stm32f1xx_hal_msp.c **** {
 372              		.loc 1 178 0
 373              		.cfi_startproc
 374              		@ args = 0, pretend = 0, frame = 0
 375              		@ frame_needed = 0, uses_anonymous_args = 0
 376              	.LVL26:
 377 0000 08B5     		push	{r3, lr}
 378              	.LCFI10:
 379              		.cfi_def_cfa_offset 8
 380              		.cfi_offset 3, -8
 381              		.cfi_offset 14, -4
 179:Src/stm32f1xx_hal_msp.c **** 
 180:Src/stm32f1xx_hal_msp.c ****   if(huart->Instance==USART1)
 382              		.loc 1 180 0
 383 0002 0268     		ldr	r2, [r0]
 384 0004 084B     		ldr	r3, .L33
 385 0006 9A42     		cmp	r2, r3
 386 0008 00D0     		beq	.L32
 387              	.LVL27:
 388              	.L29:
 389 000a 08BD     		pop	{r3, pc}
 390              	.LVL28:
 391              	.L32:
 181:Src/stm32f1xx_hal_msp.c ****   {
 182:Src/stm32f1xx_hal_msp.c ****   /* USER CODE BEGIN USART1_MspDeInit 0 */
 183:Src/stm32f1xx_hal_msp.c **** 
 184:Src/stm32f1xx_hal_msp.c ****   /* USER CODE END USART1_MspDeInit 0 */
 185:Src/stm32f1xx_hal_msp.c ****     /* Peripheral clock disable */
 186:Src/stm32f1xx_hal_msp.c ****     __HAL_RCC_USART1_CLK_DISABLE();
ARM GAS  /tmp/cci5Hyoj.s 			page 11


 392              		.loc 1 186 0
 393 000c 074A     		ldr	r2, .L33+4
 394 000e 9369     		ldr	r3, [r2, #24]
 395 0010 23F48043 		bic	r3, r3, #16384
 396 0014 9361     		str	r3, [r2, #24]
 187:Src/stm32f1xx_hal_msp.c ****   
 188:Src/stm32f1xx_hal_msp.c ****     /**USART1 GPIO Configuration    
 189:Src/stm32f1xx_hal_msp.c ****     PA9     ------> USART1_TX
 190:Src/stm32f1xx_hal_msp.c ****     PA10     ------> USART1_RX 
 191:Src/stm32f1xx_hal_msp.c ****     */
 192:Src/stm32f1xx_hal_msp.c ****     HAL_GPIO_DeInit(GPIOA, GPIO_PIN_9|GPIO_PIN_10);
 397              		.loc 1 192 0
 398 0016 4FF4C061 		mov	r1, #1536
 399 001a 0548     		ldr	r0, .L33+8
 400              	.LVL29:
 401 001c FFF7FEFF 		bl	HAL_GPIO_DeInit
 402              	.LVL30:
 193:Src/stm32f1xx_hal_msp.c **** 
 194:Src/stm32f1xx_hal_msp.c ****     /* USART1 interrupt DeInit */
 195:Src/stm32f1xx_hal_msp.c ****     HAL_NVIC_DisableIRQ(USART1_IRQn);
 403              		.loc 1 195 0
 404 0020 2520     		movs	r0, #37
 405 0022 FFF7FEFF 		bl	HAL_NVIC_DisableIRQ
 406              	.LVL31:
 196:Src/stm32f1xx_hal_msp.c ****   /* USER CODE BEGIN USART1_MspDeInit 1 */
 197:Src/stm32f1xx_hal_msp.c **** 
 198:Src/stm32f1xx_hal_msp.c ****   /* USER CODE END USART1_MspDeInit 1 */
 199:Src/stm32f1xx_hal_msp.c ****   }
 200:Src/stm32f1xx_hal_msp.c **** 
 201:Src/stm32f1xx_hal_msp.c **** }
 407              		.loc 1 201 0
 408 0026 F0E7     		b	.L29
 409              	.L34:
 410              		.align	2
 411              	.L33:
 412 0028 00380140 		.word	1073821696
 413 002c 00100240 		.word	1073876992
 414 0030 00080140 		.word	1073809408
 415              		.cfi_endproc
 416              	.LFE68:
 418              		.text
 419              	.Letext0:
 420              		.file 2 "/usr/bin/gcc-arm-none-eabi-6-2017-q2-update/arm-none-eabi/include/machine/_default_types.
 421              		.file 3 "/usr/bin/gcc-arm-none-eabi-6-2017-q2-update/arm-none-eabi/include/sys/_stdint.h"
 422              		.file 4 "Drivers/CMSIS/Include/core_cm3.h"
 423              		.file 5 "Drivers/CMSIS/Device/ST/STM32F1xx/Include/system_stm32f1xx.h"
 424              		.file 6 "Drivers/CMSIS/Device/ST/STM32F1xx/Include/stm32f103xb.h"
 425              		.file 7 "/usr/bin/gcc-arm-none-eabi-6-2017-q2-update/arm-none-eabi/include/sys/lock.h"
 426              		.file 8 "/usr/bin/gcc-arm-none-eabi-6-2017-q2-update/arm-none-eabi/include/sys/_types.h"
 427              		.file 9 "/usr/bin/gcc-arm-none-eabi-6-2017-q2-update/lib/gcc/arm-none-eabi/6.3.1/include/stddef.h"
 428              		.file 10 "/usr/bin/gcc-arm-none-eabi-6-2017-q2-update/arm-none-eabi/include/sys/reent.h"
 429              		.file 11 "Drivers/STM32F1xx_HAL_Driver/Inc/stm32f1xx_hal_def.h"
 430              		.file 12 "Drivers/STM32F1xx_HAL_Driver/Inc/stm32f1xx_hal_gpio.h"
 431              		.file 13 "Drivers/STM32F1xx_HAL_Driver/Inc/stm32f1xx_hal_dma.h"
 432              		.file 14 "Drivers/STM32F1xx_HAL_Driver/Inc/stm32f1xx_hal_can.h"
 433              		.file 15 "Drivers/STM32F1xx_HAL_Driver/Inc/stm32f1xx_hal_uart.h"
 434              		.file 16 "Drivers/STM32F1xx_HAL_Driver/Inc/stm32f1xx_hal_cortex.h"
ARM GAS  /tmp/cci5Hyoj.s 			page 12


ARM GAS  /tmp/cci5Hyoj.s 			page 13


DEFINED SYMBOLS
                            *ABS*:0000000000000000 stm32f1xx_hal_msp.c
     /tmp/cci5Hyoj.s:16     .text.HAL_MspInit:0000000000000000 $t
     /tmp/cci5Hyoj.s:23     .text.HAL_MspInit:0000000000000000 HAL_MspInit
     /tmp/cci5Hyoj.s:124    .text.HAL_MspInit:0000000000000098 $d
     /tmp/cci5Hyoj.s:130    .text.HAL_CAN_MspInit:0000000000000000 $t
     /tmp/cci5Hyoj.s:137    .text.HAL_CAN_MspInit:0000000000000000 HAL_CAN_MspInit
     /tmp/cci5Hyoj.s:209    .text.HAL_CAN_MspInit:0000000000000054 $d
     /tmp/cci5Hyoj.s:215    .text.HAL_CAN_MspDeInit:0000000000000000 $t
     /tmp/cci5Hyoj.s:222    .text.HAL_CAN_MspDeInit:0000000000000000 HAL_CAN_MspDeInit
     /tmp/cci5Hyoj.s:260    .text.HAL_CAN_MspDeInit:0000000000000024 $d
     /tmp/cci5Hyoj.s:267    .text.HAL_UART_MspInit:0000000000000000 $t
     /tmp/cci5Hyoj.s:274    .text.HAL_UART_MspInit:0000000000000000 HAL_UART_MspInit
     /tmp/cci5Hyoj.s:357    .text.HAL_UART_MspInit:0000000000000064 $d
     /tmp/cci5Hyoj.s:363    .text.HAL_UART_MspDeInit:0000000000000000 $t
     /tmp/cci5Hyoj.s:370    .text.HAL_UART_MspDeInit:0000000000000000 HAL_UART_MspDeInit
     /tmp/cci5Hyoj.s:412    .text.HAL_UART_MspDeInit:0000000000000028 $d
                     .debug_frame:0000000000000010 $d

UNDEFINED SYMBOLS
HAL_NVIC_SetPriorityGrouping
HAL_NVIC_SetPriority
HAL_GPIO_Init
HAL_GPIO_DeInit
HAL_NVIC_EnableIRQ
HAL_NVIC_DisableIRQ
